<?xml version="1.0" encoding="UTF-8"?>
<testng-results ignored="0" total="1" passed="1" failed="0" skipped="0">
  <reporter-output>
  </reporter-output>
  <suite started-at="2023-08-30T10:39:19 IST" name="Default suite" finished-at="2023-08-30T10:39:28 IST" duration-ms="9332">
    <groups>
    </groups>
    <test started-at="2023-08-30T10:39:19 IST" name="Default test" finished-at="2023-08-30T10:39:28 IST" duration-ms="9332">
      <class name="ae.livo.admin.testcases.LoginTest">
        <test-method is-config="true" signature="setUp()[pri:0, instance:ae.livo.admin.testcases.LoginTest@2cd76f31]" started-at="2023-08-30T10:39:13 IST" name="setUp" finished-at="2023-08-30T10:39:19 IST" duration-ms="6572" status="PASS">
          <reporter-output>
          </reporter-output>
        </test-method> <!-- setUp -->
        <test-method signature="loginToDevAdmin()[pri:0, instance:ae.livo.admin.testcases.LoginTest@2cd76f31]" started-at="2023-08-30T10:39:19 IST" name="loginToDevAdmin" finished-at="2023-08-30T10:39:28 IST" duration-ms="9302" status="PASS">
          <reporter-output>
          </reporter-output>
        </test-method> <!-- loginToDevAdmin -->
        <test-method is-config="true" signature="tearDown()[pri:0, instance:ae.livo.admin.testcases.LoginTest@2cd76f31]" started-at="2023-08-30T10:39:28 IST" name="tearDown" finished-at="2023-08-30T10:39:29 IST" duration-ms="129" status="PASS">
          <reporter-output>
          </reporter-output>
        </test-method> <!-- tearDown -->
      </class> <!-- ae.livo.admin.testcases.LoginTest -->
    </test> <!-- Default test -->
  </suite> <!-- Default suite -->
</testng-results>
